<?xml version="1.0" encoding="UTF-8"?>
<testng-results skipped="0" failed="0" ignored="0" total="3" passed="3">
  <reporter-output>
  </reporter-output>
  <suite name="Default suite" duration-ms="2781" started-at="2023-06-04T12:37:24Z" finished-at="2023-06-04T12:37:26Z">
    <groups>
    </groups>
    <test name="Default test" duration-ms="2781" started-at="2023-06-04T12:37:24Z" finished-at="2023-06-04T12:37:26Z">
      <class name="testCases.CreateOneProduct">
        <test-method status="PASS" signature="createOneProduct()[pri:1, instance:testCases.CreateOneProduct@2b6faea6]" name="createOneProduct" duration-ms="2149" started-at="2023-06-04T12:37:24Z" finished-at="2023-06-04T12:37:26Z">
          <reporter-output>
          </reporter-output>
        </test-method> <!-- createOneProduct -->
        <test-method status="PASS" signature="readAllProducts()[pri:2, instance:testCases.CreateOneProduct@2b6faea6]" name="readAllProducts" duration-ms="351" started-at="2023-06-04T12:37:26Z" finished-at="2023-06-04T12:37:26Z">
          <reporter-output>
          </reporter-output>
        </test-method> <!-- readAllProducts -->
        <test-method status="PASS" signature="readOneProducts()[pri:3, instance:testCases.CreateOneProduct@2b6faea6]" name="readOneProducts" duration-ms="260" started-at="2023-06-04T12:37:26Z" finished-at="2023-06-04T12:37:26Z">
          <reporter-output>
          </reporter-output>
        </test-method> <!-- readOneProducts -->
      </class> <!-- testCases.CreateOneProduct -->
    </test> <!-- Default test -->
  </suite> <!-- Default suite -->
</testng-results>
